\BOOKMARK [1][-]{section*.1}{\376\377\000A\000g\000r\000a\000d\000e\000c\000i\000m\000i\000e\000n\000t\000o\000s}{}% 1
\BOOKMARK [1][-]{section*.2}{\376\377\000R\000e\000s\000u\000m\000e\000n}{}% 2
\BOOKMARK [1][-]{section*.3}{\376\377\000S\000u\000m\000m\000a\000r\000y}{}% 3
\BOOKMARK [1][-]{section*.3}{\376\377\000\315\000n\000d\000i\000c\000e}{}% 4
\BOOKMARK [1][-]{section.1}{\376\377\000I\000n\000t\000r\000o\000d\000u\000c\000c\000i\000\363\000n}{}% 5
\BOOKMARK [2][-]{subsection.1.1}{\376\377\000A\000n\000t\000e\000c\000e\000d\000e\000n\000t\000e\000s}{section.1}% 6
\BOOKMARK [2][-]{subsection.1.2}{\376\377\000D\000e\000f\000i\000n\000i\000c\000i\000\363\000n\000\040\000d\000e\000l\000\040\000P\000r\000o\000b\000l\000e\000m\000a}{section.1}% 7
\BOOKMARK [2][-]{subsection.1.3}{\376\377\000O\000b\000j\000e\000t\000i\000v\000o\000s}{section.1}% 8
\BOOKMARK [3][-]{subsubsection.1.3.1}{\376\377\000O\000b\000j\000e\000t\000i\000v\000o\000\040\000G\000e\000n\000e\000r\000a\000l}{subsection.1.3}% 9
\BOOKMARK [3][-]{subsubsection.1.3.2}{\376\377\000O\000b\000j\000e\000t\000i\000v\000o\000s\000\040\000E\000s\000p\000e\000c\000\355\000f\000i\000c\000o\000s}{subsection.1.3}% 10
\BOOKMARK [2][-]{subsection.1.4}{\376\377\000J\000u\000s\000t\000i\000f\000i\000c\000a\000c\000i\000\363\000n}{section.1}% 11
\BOOKMARK [2][-]{subsection.1.5}{\376\377\000A\000l\000c\000a\000n\000c\000e\000s\000\040\000y\000\040\000L\000i\000m\000i\000t\000a\000c\000i\000o\000n\000e\000s}{section.1}% 12
\BOOKMARK [3][-]{subsubsection.1.5.1}{\376\377\000A\000l\000c\000a\000n\000c\000e\000s}{subsection.1.5}% 13
\BOOKMARK [3][-]{subsubsection.1.5.2}{\376\377\000L\000i\000m\000i\000t\000a\000c\000i\000o\000n\000e\000s}{subsection.1.5}% 14
\BOOKMARK [1][-]{section.2}{\376\377\000E\000s\000t\000a\000d\000o\000\040\000d\000e\000l\000\040\000A\000r\000t\000e}{}% 15
\BOOKMARK [2][-]{subsection.2.1}{\376\377\000M\000D\000P\000s\000\040\000F\000a\000c\000t\000o\000r\000i\000z\000a\000d\000o\000s\000\040\000y\000\040\000e\000l\000\040\000P\000r\000o\000b\000l\000e\000m\000a\000\040\000d\000e\000\040\000l\000a\000\040\000R\000e\000p\000r\000e\000s\000e\000n\000t\000a\000c\000i\000\363\000n\000\040\000d\000e\000\040\000E\000s\000t\000a\000d\000o\000s}{section.2}% 16
\BOOKMARK [2][-]{subsection.2.2}{\376\377\000P\000r\000o\000g\000r\000a\000m\000a\000c\000i\000\363\000n\000\040\000L\000\363\000g\000i\000c\000a\000\040\000P\000r\000o\000b\000a\000b\000i\000l\000\355\000s\000t\000i\000c\000a\000\040\000p\000a\000r\000a\000\040\000l\000a\000\040\000R\000e\000s\000o\000l\000u\000c\000i\000\363\000n\000\040\000d\000e\000\040\000M\000D\000P\000s}{section.2}% 17
\BOOKMARK [2][-]{subsection.2.3}{\376\377\000D\000i\000s\000y\000u\000n\000c\000i\000o\000n\000e\000s\000\040\000A\000n\000o\000t\000a\000d\000a\000s\000\040\000y\000\040\000C\000o\000m\000p\000i\000l\000a\000c\000i\000\363\000n\000\040\000d\000e\000\040\000C\000o\000n\000o\000c\000i\000m\000i\000e\000n\000t\000o}{section.2}% 18
\BOOKMARK [2][-]{subsection.2.4}{\376\377\000A\000n\000\341\000l\000i\000s\000i\000s\000\040\000C\000o\000m\000p\000a\000r\000a\000t\000i\000v\000o}{section.2}% 19
\BOOKMARK [2][-]{subsection.2.5}{\376\377\000C\000o\000n\000c\000l\000u\000s\000i\000\363\000n\000\040\000d\000e\000l\000\040\000E\000s\000t\000a\000d\000o\000\040\000d\000e\000l\000\040\000A\000r\000t\000e}{section.2}% 20
\BOOKMARK [1][-]{section.3}{\376\377\000M\000a\000r\000c\000o\000\040\000T\000e\000\363\000r\000i\000c\000o}{}% 21
\BOOKMARK [2][-]{subsection.3.1}{\376\377\000P\000r\000o\000g\000r\000a\000m\000a\000c\000i\000\363\000n\000\040\000L\000\363\000g\000i\000c\000a}{section.3}% 22
\BOOKMARK [3][-]{subsubsection.3.1.1}{\376\377\000T\000\351\000r\000m\000i\000n\000o\000s\000,\000\040\000\341\000t\000o\000m\000o\000s\000\040\000y\000\040\000l\000i\000t\000e\000r\000a\000l\000e\000s}{subsection.3.1}% 23
\BOOKMARK [3][-]{subsubsection.3.1.2}{\376\377\000H\000e\000c\000h\000o\000s\000,\000\040\000r\000e\000g\000l\000a\000s\000\040\000y\000\040\000c\000o\000n\000s\000u\000l\000t\000a\000s}{subsection.3.1}% 24
\BOOKMARK [3][-]{subsubsection.3.1.3}{\376\377\000U\000n\000i\000v\000e\000r\000s\000o\000\040\000d\000e\000\040\000H\000e\000r\000b\000r\000a\000n\000d\000\040\000e\000\040\000i\000n\000t\000e\000r\000p\000r\000e\000t\000a\000c\000i\000o\000n\000e\000s}{subsection.3.1}% 25
\BOOKMARK [3][-]{subsubsection.3.1.4}{\376\377\000R\000e\000s\000o\000l\000u\000c\000i\000\363\000n\000\040\000S\000L\000D\000\040\000y\000\040\000g\000r\000o\000u\000n\000d\000i\000n\000g}{subsection.3.1}% 26
\BOOKMARK [2][-]{subsection.3.2}{\376\377\000P\000r\000o\000g\000r\000a\000m\000a\000c\000i\000\363\000n\000\040\000L\000\363\000g\000i\000c\000a\000\040\000P\000r\000o\000b\000a\000b\000i\000l\000\355\000s\000t\000i\000c\000a}{section.3}% 27
\BOOKMARK [3][-]{subsubsection.3.2.1}{\376\377\000S\000e\000m\000\341\000n\000t\000i\000c\000a\000\040\000d\000e\000\040\000d\000i\000s\000t\000r\000i\000b\000u\000c\000i\000\363\000n}{subsection.3.2}% 28
\BOOKMARK [3][-]{subsubsection.3.2.2}{\376\377\000R\000e\000l\000e\000v\000a\000n\000c\000i\000a\000\040\000p\000a\000r\000a\000\040\000M\000D\000P\000-\000P\000r\000o\000b\000L\000o\000g}{subsection.3.2}% 29
\BOOKMARK [3][-]{subsubsection.3.2.3}{\376\377\000E\000l\000\040\000l\000e\000n\000g\000u\000a\000j\000e\000\040\000P\000r\000o\000b\000L\000o\000g}{subsection.3.2}% 30
\BOOKMARK [2][-]{subsection.3.3}{\376\377\000C\000o\000n\000t\000e\000o\000\040\000d\000e\000\040\000M\000o\000d\000e\000l\000o\000s\000\040\000P\000o\000n\000d\000e\000r\000a\000d\000o\000s}{section.3}% 31
\BOOKMARK [2][-]{subsection.3.4}{\376\377\000P\000r\000o\000c\000e\000s\000o\000s\000\040\000d\000e\000\040\000D\000e\000c\000i\000s\000i\000\363\000n\000\040\000d\000e\000\040\000M\000a\000r\000k\000o\000v}{section.3}% 32
\BOOKMARK [3][-]{subsubsection.3.4.1}{\376\377\000D\000e\000f\000i\000n\000i\000c\000i\000\363\000n\000\040\000f\000o\000r\000m\000a\000l}{subsection.3.4}% 33
\BOOKMARK [3][-]{subsubsection.3.4.2}{\376\377\000A\000l\000g\000o\000r\000i\000t\000m\000o\000\040\000d\000e\000\040\000I\000t\000e\000r\000a\000c\000i\000\363\000n\000\040\000d\000e\000\040\000V\000a\000l\000o\000r}{subsection.3.4}% 34
\BOOKMARK [2][-]{subsection.3.5}{\376\377\000M\000D\000P\000s\000\040\000F\000a\000c\000t\000o\000r\000i\000z\000a\000d\000o\000s}{section.3}% 35
\BOOKMARK [3][-]{subsubsection.3.5.1}{\376\377\000F\000l\000u\000e\000n\000t\000e\000s\000\040\000d\000e\000\040\000e\000s\000t\000a\000d\000o}{subsection.3.5}% 36
\BOOKMARK [2][-]{subsection.3.6}{\376\377\000E\000l\000\040\000F\000r\000a\000m\000e\000w\000o\000r\000k\000\040\000M\000D\000P\000-\000P\000r\000o\000b\000L\000o\000g}{section.3}% 37
\BOOKMARK [2][-]{subsection.3.7}{\376\377\000D\000i\000s\000y\000u\000n\000c\000i\000o\000n\000e\000s\000\040\000A\000n\000o\000t\000a\000d\000a\000s}{section.3}% 38
\BOOKMARK [3][-]{subsubsection.3.7.1}{\376\377\000D\000e\000f\000i\000n\000i\000c\000i\000\363\000n\000\040\000f\000o\000r\000m\000a\000l\000\040\000d\000e\000\040\000L\000P\000A\000D\000s}{subsection.3.7}% 39
\BOOKMARK [3][-]{subsubsection.3.7.2}{\376\377\000S\000e\000m\000\341\000n\000t\000i\000c\000a\000:\000\040\000s\000e\000l\000e\000c\000c\000i\000o\000n\000e\000s\000\040\000e\000\040\000i\000n\000s\000t\000a\000n\000c\000i\000a\000s}{subsection.3.7}% 40
\BOOKMARK [3][-]{subsubsection.3.7.3}{\376\377\000E\000x\000c\000l\000u\000s\000i\000\363\000n\000\040\000m\000u\000t\000u\000a\000\040\000n\000a\000t\000i\000v\000a}{subsection.3.7}% 41
\BOOKMARK [3][-]{subsubsection.3.7.4}{\376\377\000I\000n\000t\000e\000r\000p\000r\000e\000t\000a\000c\000i\000\363\000n\000\040\000c\000a\000u\000s\000a\000l}{subsection.3.7}% 42
\BOOKMARK [2][-]{subsection.3.8}{\376\377\000C\000o\000m\000p\000i\000l\000a\000c\000i\000\363\000n\000\040\000d\000e\000\040\000C\000o\000n\000o\000c\000i\000m\000i\000e\000n\000t\000o}{section.3}% 43
\BOOKMARK [3][-]{subsubsection.3.8.1}{\376\377\000E\000l\000\040\000m\000a\000p\000a\000\040\000d\000e\000\040\000c\000o\000m\000p\000i\000l\000a\000c\000i\000\363\000n\000\040\000d\000e\000\040\000c\000o\000n\000o\000c\000i\000m\000i\000e\000n\000t\000o}{subsection.3.8}% 44
\BOOKMARK [3][-]{subsubsection.3.8.2}{\376\377\000I\000m\000p\000a\000c\000t\000o\000\040\000d\000e\000\040\000l\000a\000\040\000r\000e\000p\000r\000e\000s\000e\000n\000t\000a\000c\000i\000\363\000n\000\040\000e\000n\000\040\000e\000l\000\040\000t\000a\000m\000a\000\361\000o\000\040\000d\000e\000l\000\040\000c\000i\000r\000c\000u\000i\000t\000o}{subsection.3.8}% 45
\BOOKMARK [1][-]{subsubsection.3.8.2}{\376\377\000\315\000n\000d\000i\000c\000e\000\040\000d\000e\000\040\000f\000i\000g\000u\000r\000a\000s}{}% 46
\BOOKMARK [1][-]{section*.6}{\376\377\000\315\000n\000d\000i\000c\000e\000\040\000d\000e\000\040\000c\000u\000a\000d\000r\000o\000s}{}% 47
\BOOKMARK [1][-]{section*.7}{\376\377\000\315\000n\000d\000i\000c\000e\000\040\000d\000e\000\040\000a\000l\000g\000o\000r\000i\000t\000m\000o\000s}{}% 48
\BOOKMARK [1][-]{section*.8}{\376\377\000R\000e\000f\000e\000r\000e\000n\000c\000i\000a\000s}{}% 49
